\BOOKMARK [0][-]{chapter.1}{\376\377\0001\000\040\000D\000a\000t\000a\000\040\000S\000t\000r\000u\000c\000t\000u\000r\000e\000\040\000I\000n\000d\000e\000x}{}% 1
\BOOKMARK [1][-]{section.1.1}{\376\377\0001\000.\0001\000\040\000D\000a\000t\000a\000\040\000S\000t\000r\000u\000c\000t\000u\000r\000e\000s}{chapter.1}% 2
\BOOKMARK [0][-]{chapter.2}{\376\377\0002\000\040\000F\000i\000l\000e\000\040\000I\000n\000d\000e\000x}{}% 3
\BOOKMARK [1][-]{section.2.1}{\376\377\0002\000.\0001\000\040\000F\000i\000l\000e\000\040\000L\000i\000s\000t}{chapter.2}% 4
\BOOKMARK [0][-]{chapter.3}{\376\377\0003\000\040\000D\000a\000t\000a\000\040\000S\000t\000r\000u\000c\000t\000u\000r\000e\000\040\000D\000o\000c\000u\000m\000e\000n\000t\000a\000t\000i\000o\000n}{}% 5
\BOOKMARK [1][-]{section.3.1}{\376\377\0003\000.\0001\000\040\000E\000v\000e\000n\000t\000\040\000S\000t\000r\000u\000c\000t\000\040\000R\000e\000f\000e\000r\000e\000n\000c\000e}{chapter.3}% 6
\BOOKMARK [2][-]{subsection.3.1.1}{\376\377\0003\000.\0001\000.\0001\000\040\000F\000i\000e\000l\000d\000\040\000D\000o\000c\000u\000m\000e\000n\000t\000a\000t\000i\000o\000n}{section.3.1}% 7
\BOOKMARK [3][-]{subsubsection.3.1.1.1}{\376\377\0003\000.\0001\000.\0001\000.\0001\000\040\000c\000o\000m\000m\000e\000n\000t}{subsection.3.1.1}% 8
\BOOKMARK [3][-]{subsubsection.3.1.1.2}{\376\377\0003\000.\0001\000.\0001\000.\0002\000\040\000d\000a\000y}{subsection.3.1.1}% 9
\BOOKMARK [3][-]{subsubsection.3.1.1.3}{\376\377\0003\000.\0001\000.\0001\000.\0003\000\040\000e\000n\000d\000h\000o\000u\000r}{subsection.3.1.1}% 10
\BOOKMARK [3][-]{subsubsection.3.1.1.4}{\376\377\0003\000.\0001\000.\0001\000.\0004\000\040\000e\000n\000d\000m\000i\000n}{subsection.3.1.1}% 11
\BOOKMARK [3][-]{subsubsection.3.1.1.5}{\376\377\0003\000.\0001\000.\0001\000.\0005\000\040\000l\000o\000c\000a\000t\000i\000o\000n}{subsection.3.1.1}% 12
\BOOKMARK [3][-]{subsubsection.3.1.1.6}{\376\377\0003\000.\0001\000.\0001\000.\0006\000\040\000m\000o\000n\000t\000h}{subsection.3.1.1}% 13
\BOOKMARK [3][-]{subsubsection.3.1.1.7}{\376\377\0003\000.\0001\000.\0001\000.\0007\000\040\000n\000a\000m\000e}{subsection.3.1.1}% 14
\BOOKMARK [3][-]{subsubsection.3.1.1.8}{\376\377\0003\000.\0001\000.\0001\000.\0008\000\040\000n\000e\000x\000t}{subsection.3.1.1}% 15
\BOOKMARK [3][-]{subsubsection.3.1.1.9}{\376\377\0003\000.\0001\000.\0001\000.\0009\000\040\000p\000r\000e\000v}{subsection.3.1.1}% 16
\BOOKMARK [3][-]{subsubsection.3.1.1.10}{\376\377\0003\000.\0001\000.\0001\000.\0001\0000\000\040\000s\000t\000a\000r\000t\000h\000o\000u\000r}{subsection.3.1.1}% 17
\BOOKMARK [3][-]{subsubsection.3.1.1.11}{\376\377\0003\000.\0001\000.\0001\000.\0001\0001\000\040\000s\000t\000a\000r\000t\000m\000i\000n}{subsection.3.1.1}% 18
\BOOKMARK [3][-]{subsubsection.3.1.1.12}{\376\377\0003\000.\0001\000.\0001\000.\0001\0002\000\040\000y\000e\000a\000r}{subsection.3.1.1}% 19
\BOOKMARK [1][-]{section.3.2}{\376\377\0003\000.\0002\000\040\000E\000v\000e\000n\000t\000L\000i\000s\000t\000\040\000S\000t\000r\000u\000c\000t\000\040\000R\000e\000f\000e\000r\000e\000n\000c\000e}{chapter.3}% 20
\BOOKMARK [2][-]{subsection.3.2.1}{\376\377\0003\000.\0002\000.\0001\000\040\000F\000i\000e\000l\000d\000\040\000D\000o\000c\000u\000m\000e\000n\000t\000a\000t\000i\000o\000n}{section.3.2}% 21
\BOOKMARK [3][-]{subsubsection.3.2.1.1}{\376\377\0003\000.\0002\000.\0001\000.\0001\000\040\000f\000i\000r\000s\000t}{subsection.3.2.1}% 22
\BOOKMARK [3][-]{subsubsection.3.2.1.2}{\376\377\0003\000.\0002\000.\0001\000.\0002\000\040\000l\000a\000s\000t}{subsection.3.2.1}% 23
\BOOKMARK [1][-]{section.3.3}{\376\377\0003\000.\0003\000\040\000F\000i\000n\000d\000L\000i\000s\000t\000\040\000S\000t\000r\000u\000c\000t\000\040\000R\000e\000f\000e\000r\000e\000n\000c\000e}{chapter.3}% 24
\BOOKMARK [2][-]{subsection.3.3.1}{\376\377\0003\000.\0003\000.\0001\000\040\000F\000i\000e\000l\000d\000\040\000D\000o\000c\000u\000m\000e\000n\000t\000a\000t\000i\000o\000n}{section.3.3}% 25
\BOOKMARK [3][-]{subsubsection.3.3.1.1}{\376\377\0003\000.\0003\000.\0001\000.\0001\000\040\000f\000i\000r\000s\000t}{subsection.3.3.1}% 26
\BOOKMARK [3][-]{subsubsection.3.3.1.2}{\376\377\0003\000.\0003\000.\0001\000.\0002\000\040\000l\000a\000s\000t}{subsection.3.3.1}% 27
\BOOKMARK [1][-]{section.3.4}{\376\377\0003\000.\0004\000\040\000F\000o\000u\000n\000d\000E\000v\000e\000n\000t\000\040\000S\000t\000r\000u\000c\000t\000\040\000R\000e\000f\000e\000r\000e\000n\000c\000e}{chapter.3}% 28
\BOOKMARK [2][-]{subsection.3.4.1}{\376\377\0003\000.\0004\000.\0001\000\040\000F\000i\000e\000l\000d\000\040\000D\000o\000c\000u\000m\000e\000n\000t\000a\000t\000i\000o\000n}{section.3.4}% 29
\BOOKMARK [3][-]{subsubsection.3.4.1.1}{\376\377\0003\000.\0004\000.\0001\000.\0001\000\040\000f\000o\000u\000n\000d\000e\000v\000e\000n\000t}{subsection.3.4.1}% 30
\BOOKMARK [3][-]{subsubsection.3.4.1.2}{\376\377\0003\000.\0004\000.\0001\000.\0002\000\040\000n\000e\000x\000t\000f\000o\000u\000n\000d}{subsection.3.4.1}% 31
\BOOKMARK [3][-]{subsubsection.3.4.1.3}{\376\377\0003\000.\0004\000.\0001\000.\0003\000\040\000p\000r\000e\000v\000f\000o\000u\000n\000d}{subsection.3.4.1}% 32
\BOOKMARK [1][-]{section.3.5}{\376\377\0003\000.\0005\000\040\000M\000e\000n\000u\000P\000o\000n\000t\000\040\000S\000t\000r\000u\000c\000t\000\040\000R\000e\000f\000e\000r\000e\000n\000c\000e}{chapter.3}% 33
\BOOKMARK [2][-]{subsection.3.5.1}{\376\377\0003\000.\0005\000.\0001\000\040\000F\000i\000e\000l\000d\000\040\000D\000o\000c\000u\000m\000e\000n\000t\000a\000t\000i\000o\000n}{section.3.5}% 34
\BOOKMARK [3][-]{subsubsection.3.5.1.1}{\376\377\0003\000.\0005\000.\0001\000.\0001\000\040\000n\000e\000v}{subsection.3.5.1}% 35
\BOOKMARK [3][-]{subsubsection.3.5.1.2}{\376\377\0003\000.\0005\000.\0001\000.\0002\000\040\000p\000f\000v}{subsection.3.5.1}% 36
\BOOKMARK [1][-]{section.3.6}{\376\377\0003\000.\0006\000\040\000S\000e\000a\000r\000c\000h\000C\000o\000n\000d\000i\000t\000i\000o\000n\000s\000\040\000S\000t\000r\000u\000c\000t\000\040\000R\000e\000f\000e\000r\000e\000n\000c\000e}{chapter.3}% 37
\BOOKMARK [2][-]{subsection.3.6.1}{\376\377\0003\000.\0006\000.\0001\000\040\000F\000i\000e\000l\000d\000\040\000D\000o\000c\000u\000m\000e\000n\000t\000a\000t\000i\000o\000n}{section.3.6}% 38
\BOOKMARK [3][-]{subsubsection.3.6.1.1}{\376\377\0003\000.\0006\000.\0001\000.\0001\000\040\000d\000a\000y}{subsection.3.6.1}% 39
\BOOKMARK [3][-]{subsubsection.3.6.1.2}{\376\377\0003\000.\0006\000.\0001\000.\0002\000\040\000m\000o\000n\000t\000h}{subsection.3.6.1}% 40
\BOOKMARK [3][-]{subsubsection.3.6.1.3}{\376\377\0003\000.\0006\000.\0001\000.\0003\000\040\000n\000a\000m\000e}{subsection.3.6.1}% 41
\BOOKMARK [3][-]{subsubsection.3.6.1.4}{\376\377\0003\000.\0006\000.\0001\000.\0004\000\040\000w\000e\000e\000k}{subsection.3.6.1}% 42
\BOOKMARK [3][-]{subsubsection.3.6.1.5}{\376\377\0003\000.\0006\000.\0001\000.\0005\000\040\000y\000e\000a\000r}{subsection.3.6.1}% 43
\BOOKMARK [0][-]{chapter.4}{\376\377\0004\000\040\000F\000i\000l\000e\000\040\000D\000o\000c\000u\000m\000e\000n\000t\000a\000t\000i\000o\000n}{}% 44
\BOOKMARK [1][-]{section.4.1}{\376\377\0004\000.\0001\000\040\000/\000h\000o\000m\000e\000/\000d\000a\000n\000i\000/\000D\000o\000c\000u\000m\000e\000n\000t\000s\000/\000e\000g\000y\000e\000t\000e\000m\000/\000p\000r\000o\000g\0001\000/\000n\000a\000g\000y\000h\000a\000z\000i\000/\000h\000a\000z\000i\0002\000/\000c\000a\000l\000e\000n\000d\000a\000r\0002\000/\000c\000a\000l\000e\000n\000d\000a\000r\000/\000e\000v\000e\000n\000t\000r\000e\000c\000o\000r\000d\000.\000c\000\040\000F\000i\000l\000e\000\040\000R\000e\000f\000e\000r\000e\000n\000c\000e}{chapter.4}% 45
\BOOKMARK [2][-]{subsection.4.1.1}{\376\377\0004\000.\0001\000.\0001\000\040\000F\000u\000n\000c\000t\000i\000o\000n\000\040\000D\000o\000c\000u\000m\000e\000n\000t\000a\000t\000i\000o\000n}{section.4.1}% 46
\BOOKMARK [3][-]{subsubsection.4.1.1.1}{\376\377\0004\000.\0001\000.\0001\000.\0001\000\040\000p\000r\000i\000n\000t\000e\000v\000e\000n\000t\000r\000e\000c\000o\000r\000d\000\050\000\051}{subsection.4.1.1}% 47
\BOOKMARK [1][-]{section.4.2}{\376\377\0004\000.\0002\000\040\000/\000h\000o\000m\000e\000/\000d\000a\000n\000i\000/\000D\000o\000c\000u\000m\000e\000n\000t\000s\000/\000e\000g\000y\000e\000t\000e\000m\000/\000p\000r\000o\000g\0001\000/\000n\000a\000g\000y\000h\000a\000z\000i\000/\000h\000a\000z\000i\0002\000/\000c\000a\000l\000e\000n\000d\000a\000r\0002\000/\000c\000a\000l\000e\000n\000d\000a\000r\000/\000e\000v\000e\000n\000t\000r\000e\000c\000o\000r\000d\000.\000h\000\040\000F\000i\000l\000e\000\040\000R\000e\000f\000e\000r\000e\000n\000c\000e}{chapter.4}% 48
\BOOKMARK [1][-]{section.4.3}{\376\377\0004\000.\0003\000\040\000/\000h\000o\000m\000e\000/\000d\000a\000n\000i\000/\000D\000o\000c\000u\000m\000e\000n\000t\000s\000/\000e\000g\000y\000e\000t\000e\000m\000/\000p\000r\000o\000g\0001\000/\000n\000a\000g\000y\000h\000a\000z\000i\000/\000h\000a\000z\000i\0002\000/\000c\000a\000l\000e\000n\000d\000a\000r\0002\000/\000c\000a\000l\000e\000n\000d\000a\000r\000/\000f\000i\000l\000e\000.\000c\000\040\000F\000i\000l\000e\000\040\000R\000e\000f\000e\000r\000e\000n\000c\000e}{chapter.4}% 49
\BOOKMARK [2][-]{subsection.4.3.1}{\376\377\0004\000.\0003\000.\0001\000\040\000F\000u\000n\000c\000t\000i\000o\000n\000\040\000D\000o\000c\000u\000m\000e\000n\000t\000a\000t\000i\000o\000n}{section.4.3}% 50
\BOOKMARK [3][-]{subsubsection.4.3.1.1}{\376\377\0004\000.\0003\000.\0001\000.\0001\000\040\000c\000a\000l\000e\000n\000d\000a\000r\000l\000o\000a\000d\000\050\000\051}{subsection.4.3.1}% 51
\BOOKMARK [3][-]{subsubsection.4.3.1.2}{\376\377\0004\000.\0003\000.\0001\000.\0002\000\040\000c\000a\000l\000e\000n\000d\000a\000r\000s\000a\000v\000e\000\050\000\051}{subsection.4.3.1}% 52
\BOOKMARK [3][-]{subsubsection.4.3.1.3}{\376\377\0004\000.\0003\000.\0001\000.\0003\000\040\000d\000s\000t\000r\000c\000p\000y\000\050\000\051}{subsection.4.3.1}% 53
\BOOKMARK [1][-]{section.4.4}{\376\377\0004\000.\0004\000\040\000/\000h\000o\000m\000e\000/\000d\000a\000n\000i\000/\000D\000o\000c\000u\000m\000e\000n\000t\000s\000/\000e\000g\000y\000e\000t\000e\000m\000/\000p\000r\000o\000g\0001\000/\000n\000a\000g\000y\000h\000a\000z\000i\000/\000h\000a\000z\000i\0002\000/\000c\000a\000l\000e\000n\000d\000a\000r\0002\000/\000c\000a\000l\000e\000n\000d\000a\000r\000/\000f\000i\000l\000e\000.\000h\000\040\000F\000i\000l\000e\000\040\000R\000e\000f\000e\000r\000e\000n\000c\000e}{chapter.4}% 54
\BOOKMARK [2][-]{subsection.4.4.1}{\376\377\0004\000.\0004\000.\0001\000\040\000F\000u\000n\000c\000t\000i\000o\000n\000\040\000D\000o\000c\000u\000m\000e\000n\000t\000a\000t\000i\000o\000n}{section.4.4}% 55
\BOOKMARK [3][-]{subsubsection.4.4.1.1}{\376\377\0004\000.\0004\000.\0001\000.\0001\000\040\000f\000i\000l\000e\000l\000o\000a\000d\000\050\000\051}{subsection.4.4.1}% 56
\BOOKMARK [3][-]{subsubsection.4.4.1.2}{\376\377\0004\000.\0004\000.\0001\000.\0002\000\040\000f\000i\000l\000e\000s\000a\000v\000e\000\050\000\051}{subsection.4.4.1}% 57
\BOOKMARK [1][-]{section.4.5}{\376\377\0004\000.\0005\000\040\000/\000h\000o\000m\000e\000/\000d\000a\000n\000i\000/\000D\000o\000c\000u\000m\000e\000n\000t\000s\000/\000e\000g\000y\000e\000t\000e\000m\000/\000p\000r\000o\000g\0001\000/\000n\000a\000g\000y\000h\000a\000z\000i\000/\000h\000a\000z\000i\0002\000/\000c\000a\000l\000e\000n\000d\000a\000r\0002\000/\000c\000a\000l\000e\000n\000d\000a\000r\000/\000l\000i\000s\000t\000.\000c\000\040\000F\000i\000l\000e\000\040\000R\000e\000f\000e\000r\000e\000n\000c\000e}{chapter.4}% 58
\BOOKMARK [2][-]{subsection.4.5.1}{\376\377\0004\000.\0005\000.\0001\000\040\000F\000u\000n\000c\000t\000i\000o\000n\000\040\000D\000o\000c\000u\000m\000e\000n\000t\000a\000t\000i\000o\000n}{section.4.5}% 59
\BOOKMARK [3][-]{subsubsection.4.5.1.1}{\376\377\0004\000.\0005\000.\0001\000.\0001\000\040\000c\000r\000e\000a\000t\000e\000e\000v\000e\000n\000t\000\050\000\051}{subsection.4.5.1}% 60
\BOOKMARK [3][-]{subsubsection.4.5.1.2}{\376\377\0004\000.\0005\000.\0001\000.\0002\000\040\000i\000n\000i\000t\000e\000v\000e\000n\000t\000l\000i\000s\000t\000\050\000\051}{subsection.4.5.1}% 61
\BOOKMARK [3][-]{subsubsection.4.5.1.3}{\376\377\0004\000.\0005\000.\0001\000.\0003\000\040\000i\000n\000s\000e\000r\000t\000e\000v\000e\000n\000t\000\050\000\051}{subsection.4.5.1}% 62
\BOOKMARK [3][-]{subsubsection.4.5.1.4}{\376\377\0004\000.\0005\000.\0001\000.\0004\000\040\000p\000r\000i\000n\000t\000e\000v\000e\000n\000t\000\137\000s\000h\000o\000r\000t\000\050\000\051}{subsection.4.5.1}% 63
\BOOKMARK [3][-]{subsubsection.4.5.1.5}{\376\377\0004\000.\0005\000.\0001\000.\0005\000\040\000s\000t\000a\000r\000t\000t\000i\000m\000e\000\050\000\051}{subsection.4.5.1}% 64
\BOOKMARK [1][-]{section.4.6}{\376\377\0004\000.\0006\000\040\000/\000h\000o\000m\000e\000/\000d\000a\000n\000i\000/\000D\000o\000c\000u\000m\000e\000n\000t\000s\000/\000e\000g\000y\000e\000t\000e\000m\000/\000p\000r\000o\000g\0001\000/\000n\000a\000g\000y\000h\000a\000z\000i\000/\000h\000a\000z\000i\0002\000/\000c\000a\000l\000e\000n\000d\000a\000r\0002\000/\000c\000a\000l\000e\000n\000d\000a\000r\000/\000l\000i\000s\000t\000.\000h\000\040\000F\000i\000l\000e\000\040\000R\000e\000f\000e\000r\000e\000n\000c\000e}{chapter.4}% 65
\BOOKMARK [2][-]{subsection.4.6.1}{\376\377\0004\000.\0006\000.\0001\000\040\000T\000y\000p\000e\000d\000e\000f\000\040\000D\000o\000c\000u\000m\000e\000n\000t\000a\000t\000i\000o\000n}{section.4.6}% 66
\BOOKMARK [3][-]{subsubsection.4.6.1.1}{\376\377\0004\000.\0006\000.\0001\000.\0001\000\040\000T\000m}{subsection.4.6.1}% 67
\BOOKMARK [2][-]{subsection.4.6.2}{\376\377\0004\000.\0006\000.\0002\000\040\000F\000u\000n\000c\000t\000i\000o\000n\000\040\000D\000o\000c\000u\000m\000e\000n\000t\000a\000t\000i\000o\000n}{section.4.6}% 68
\BOOKMARK [3][-]{subsubsection.4.6.2.1}{\376\377\0004\000.\0006\000.\0002\000.\0001\000\040\000c\000r\000e\000a\000t\000e\000e\000v\000e\000n\000t\000\050\000\051}{subsection.4.6.2}% 69
\BOOKMARK [3][-]{subsubsection.4.6.2.2}{\376\377\0004\000.\0006\000.\0002\000.\0002\000\040\000i\000n\000i\000t\000e\000v\000e\000n\000t\000l\000i\000s\000t\000\050\000\051}{subsection.4.6.2}% 70
\BOOKMARK [3][-]{subsubsection.4.6.2.3}{\376\377\0004\000.\0006\000.\0002\000.\0003\000\040\000i\000n\000s\000e\000r\000t\000e\000v\000e\000n\000t\000\050\000\051}{subsection.4.6.2}% 71
\BOOKMARK [3][-]{subsubsection.4.6.2.4}{\376\377\0004\000.\0006\000.\0002\000.\0004\000\040\000p\000r\000i\000n\000t\000e\000v\000e\000n\000t\000\137\000s\000h\000o\000r\000t\000\050\000\051}{subsection.4.6.2}% 72
\BOOKMARK [1][-]{section.4.7}{\376\377\0004\000.\0007\000\040\000/\000h\000o\000m\000e\000/\000d\000a\000n\000i\000/\000D\000o\000c\000u\000m\000e\000n\000t\000s\000/\000e\000g\000y\000e\000t\000e\000m\000/\000p\000r\000o\000g\0001\000/\000n\000a\000g\000y\000h\000a\000z\000i\000/\000h\000a\000z\000i\0002\000/\000c\000a\000l\000e\000n\000d\000a\000r\0002\000/\000c\000a\000l\000e\000n\000d\000a\000r\000/\000m\000a\000i\000n\000.\000c\000\040\000F\000i\000l\000e\000\040\000R\000e\000f\000e\000r\000e\000n\000c\000e}{chapter.4}% 73
\BOOKMARK [2][-]{subsection.4.7.1}{\376\377\0004\000.\0007\000.\0001\000\040\000F\000u\000n\000c\000t\000i\000o\000n\000\040\000D\000o\000c\000u\000m\000e\000n\000t\000a\000t\000i\000o\000n}{section.4.7}% 74
\BOOKMARK [3][-]{subsubsection.4.7.1.1}{\376\377\0004\000.\0007\000.\0001\000.\0001\000\040\000m\000a\000i\000n\000\050\000\051}{subsection.4.7.1}% 75
\BOOKMARK [1][-]{section.4.8}{\376\377\0004\000.\0008\000\040\000/\000h\000o\000m\000e\000/\000d\000a\000n\000i\000/\000D\000o\000c\000u\000m\000e\000n\000t\000s\000/\000e\000g\000y\000e\000t\000e\000m\000/\000p\000r\000o\000g\0001\000/\000n\000a\000g\000y\000h\000a\000z\000i\000/\000h\000a\000z\000i\0002\000/\000c\000a\000l\000e\000n\000d\000a\000r\0002\000/\000c\000a\000l\000e\000n\000d\000a\000r\000/\000m\000e\000n\000u\000.\000c\000\040\000F\000i\000l\000e\000\040\000R\000e\000f\000e\000r\000e\000n\000c\000e}{chapter.4}% 76
\BOOKMARK [2][-]{subsection.4.8.1}{\376\377\0004\000.\0008\000.\0001\000\040\000F\000u\000n\000c\000t\000i\000o\000n\000\040\000D\000o\000c\000u\000m\000e\000n\000t\000a\000t\000i\000o\000n}{section.4.8}% 77
\BOOKMARK [3][-]{subsubsection.4.8.1.1}{\376\377\0004\000.\0008\000.\0001\000.\0001\000\040\000c\000a\000l\000l\000m\000e\000n\000u\000\050\000\051}{subsection.4.8.1}% 78
\BOOKMARK [3][-]{subsubsection.4.8.1.2}{\376\377\0004\000.\0008\000.\0001\000.\0002\000\040\000e\000x\000i\000t\000m\000e\000n\000u\000\050\000\051}{subsection.4.8.1}% 79
\BOOKMARK [3][-]{subsubsection.4.8.1.3}{\376\377\0004\000.\0008\000.\0001\000.\0003\000\040\000f\000i\000l\000e\000s\000a\000v\000e\000\050\000\051}{subsection.4.8.1}% 80
\BOOKMARK [3][-]{subsubsection.4.8.1.4}{\376\377\0004\000.\0008\000.\0001\000.\0004\000\040\000h\000o\000s\000s\000z\000u\000\137\000s\000o\000r\000t\000\137\000o\000l\000v\000a\000s\000\050\000\051}{subsection.4.8.1}% 81
\BOOKMARK [3][-]{subsubsection.4.8.1.5}{\376\377\0004\000.\0008\000.\0001\000.\0005\000\040\000m\000a\000i\000n\000m\000e\000n\000u\000\050\000\051}{subsection.4.8.1}% 82
\BOOKMARK [3][-]{subsubsection.4.8.1.6}{\376\377\0004\000.\0008\000.\0001\000.\0006\000\040\000n\000e\000w\000e\000v\000e\000n\000t\000\050\000\051}{subsection.4.8.1}% 83
\BOOKMARK [3][-]{subsubsection.4.8.1.7}{\376\377\0004\000.\0008\000.\0001\000.\0007\000\040\000p\000r\000i\000n\000t\000m\000e\000n\000u\000\050\000\051}{subsection.4.8.1}% 84
\BOOKMARK [3][-]{subsubsection.4.8.1.8}{\376\377\0004\000.\0008\000.\0001\000.\0008\000\040\000s\000a\000v\000e\000m\000e\000n\000u\000\050\000\051}{subsection.4.8.1}% 85
\BOOKMARK [3][-]{subsubsection.4.8.1.9}{\376\377\0004\000.\0008\000.\0001\000.\0009\000\040\000s\000c\000a\000n\000e\000x\000i\000t\000m\000e\000n\000u\000\050\000\051}{subsection.4.8.1}% 86
\BOOKMARK [3][-]{subsubsection.4.8.1.10}{\376\377\0004\000.\0008\000.\0001\000.\0001\0000\000\040\000s\000c\000a\000n\000i\000n\000p\000u\000t\000\050\000\051}{subsection.4.8.1}% 87
\BOOKMARK [3][-]{subsubsection.4.8.1.11}{\376\377\0004\000.\0008\000.\0001\000.\0001\0001\000\040\000s\000c\000a\000n\000m\000a\000i\000n\000m\000e\000n\000u\000\050\000\051}{subsection.4.8.1}% 88
\BOOKMARK [3][-]{subsubsection.4.8.1.12}{\376\377\0004\000.\0008\000.\0001\000.\0001\0002\000\040\000s\000c\000a\000n\000s\000a\000v\000e\000m\000e\000n\000u\000\050\000\051}{subsection.4.8.1}% 89
\BOOKMARK [3][-]{subsubsection.4.8.1.13}{\376\377\0004\000.\0008\000.\0001\000.\0001\0003\000\040\000s\000e\000a\000r\000c\000h\000m\000e\000n\000u\000\050\000\051}{subsection.4.8.1}% 90
\BOOKMARK [1][-]{section.4.9}{\376\377\0004\000.\0009\000\040\000/\000h\000o\000m\000e\000/\000d\000a\000n\000i\000/\000D\000o\000c\000u\000m\000e\000n\000t\000s\000/\000e\000g\000y\000e\000t\000e\000m\000/\000p\000r\000o\000g\0001\000/\000n\000a\000g\000y\000h\000a\000z\000i\000/\000h\000a\000z\000i\0002\000/\000c\000a\000l\000e\000n\000d\000a\000r\0002\000/\000c\000a\000l\000e\000n\000d\000a\000r\000/\000m\000e\000n\000u\000.\000h\000\040\000F\000i\000l\000e\000\040\000R\000e\000f\000e\000r\000e\000n\000c\000e}{chapter.4}% 91
\BOOKMARK [2][-]{subsection.4.9.1}{\376\377\0004\000.\0009\000.\0001\000\040\000F\000u\000n\000c\000t\000i\000o\000n\000\040\000D\000o\000c\000u\000m\000e\000n\000t\000a\000t\000i\000o\000n}{section.4.9}% 92
\BOOKMARK [3][-]{subsubsection.4.9.1.1}{\376\377\0004\000.\0009\000.\0001\000.\0001\000\040\000e\000x\000i\000t\000m\000e\000n\000u\000\050\000\051}{subsection.4.9.1}% 93
\BOOKMARK [3][-]{subsubsection.4.9.1.2}{\376\377\0004\000.\0009\000.\0001\000.\0002\000\040\000h\000o\000s\000s\000z\000u\000\137\000s\000o\000r\000t\000\137\000o\000l\000v\000a\000s\000\050\000\051}{subsection.4.9.1}% 94
\BOOKMARK [3][-]{subsubsection.4.9.1.3}{\376\377\0004\000.\0009\000.\0001\000.\0003\000\040\000n\000e\000w\000e\000v\000e\000n\000t\000\050\000\051}{subsection.4.9.1}% 95
\BOOKMARK [3][-]{subsubsection.4.9.1.4}{\376\377\0004\000.\0009\000.\0001\000.\0004\000\040\000p\000r\000i\000n\000t\000m\000e\000n\000u\000\050\000\051}{subsection.4.9.1}% 96
\BOOKMARK [3][-]{subsubsection.4.9.1.5}{\376\377\0004\000.\0009\000.\0001\000.\0005\000\040\000s\000a\000v\000e\000m\000e\000n\000u\000\050\000\051}{subsection.4.9.1}% 97
\BOOKMARK [3][-]{subsubsection.4.9.1.6}{\376\377\0004\000.\0009\000.\0001\000.\0006\000\040\000s\000e\000a\000r\000c\000h\000m\000e\000n\000u\000\050\000\051}{subsection.4.9.1}% 98
\BOOKMARK [1][-]{section.4.10}{\376\377\0004\000.\0001\0000\000\040\000/\000h\000o\000m\000e\000/\000d\000a\000n\000i\000/\000D\000o\000c\000u\000m\000e\000n\000t\000s\000/\000e\000g\000y\000e\000t\000e\000m\000/\000p\000r\000o\000g\0001\000/\000n\000a\000g\000y\000h\000a\000z\000i\000/\000h\000a\000z\000i\0002\000/\000c\000a\000l\000e\000n\000d\000a\000r\0002\000/\000c\000a\000l\000e\000n\000d\000a\000r\000/\000s\000e\000a\000r\000c\000h\000.\000c\000\040\000F\000i\000l\000e\000\040\000R\000e\000f\000e\000r\000e\000n\000c\000e}{chapter.4}% 99
\BOOKMARK [2][-]{subsection.4.10.1}{\376\377\0004\000.\0001\0000\000.\0001\000\040\000F\000u\000n\000c\000t\000i\000o\000n\000\040\000D\000o\000c\000u\000m\000e\000n\000t\000a\000t\000i\000o\000n}{section.4.10}% 100
\BOOKMARK [3][-]{subsubsection.4.10.1.1}{\376\377\0004\000.\0001\0000\000.\0001\000.\0001\000\040\000e\000v\000e\000n\000t\000t\000o\000t\000m\000\050\000\051}{subsection.4.10.1}% 101
\BOOKMARK [3][-]{subsubsection.4.10.1.2}{\376\377\0004\000.\0001\0000\000.\0001\000.\0002\000\040\000i\000n\000s\000e\000r\000t\000t\000o\000f\000i\000n\000d\000l\000i\000s\000t\000\050\000\051}{subsection.4.10.1}% 102
\BOOKMARK [3][-]{subsubsection.4.10.1.3}{\376\377\0004\000.\0001\0000\000.\0001\000.\0003\000\040\000p\000r\000i\000n\000t\000f\000i\000n\000d\000l\000i\000s\000t\000\050\000\051}{subsection.4.10.1}% 103
\BOOKMARK [3][-]{subsubsection.4.10.1.4}{\376\377\0004\000.\0001\0000\000.\0001\000.\0004\000\040\000s\000c\000a\000n\000f\000i\000n\000d\000l\000i\000s\000t\000\050\000\051}{subsection.4.10.1}% 104
\BOOKMARK [3][-]{subsubsection.4.10.1.5}{\376\377\0004\000.\0001\0000\000.\0001\000.\0005\000\040\000s\000e\000a\000r\000c\000h\000a\000c\000t\000u\000a\000l\000\050\000\051}{subsection.4.10.1}% 105
\BOOKMARK [3][-]{subsubsection.4.10.1.6}{\376\377\0004\000.\0001\0000\000.\0001\000.\0006\000\040\000s\000e\000a\000r\000c\000h\000b\000y\000d\000a\000y\000\050\000\051}{subsection.4.10.1}% 106
\BOOKMARK [3][-]{subsubsection.4.10.1.7}{\376\377\0004\000.\0001\0000\000.\0001\000.\0007\000\040\000s\000e\000a\000r\000c\000h\000b\000y\000m\000o\000n\000t\000h\000\050\000\051}{subsection.4.10.1}% 107
\BOOKMARK [3][-]{subsubsection.4.10.1.8}{\376\377\0004\000.\0001\0000\000.\0001\000.\0008\000\040\000s\000e\000a\000r\000c\000h\000b\000y\000n\000a\000m\000e\000\050\000\051}{subsection.4.10.1}% 108
\BOOKMARK [3][-]{subsubsection.4.10.1.9}{\376\377\0004\000.\0001\0000\000.\0001\000.\0009\000\040\000s\000e\000a\000r\000c\000h\000b\000y\000w\000e\000e\000k\000\050\000\051}{subsection.4.10.1}% 109
\BOOKMARK [3][-]{subsubsection.4.10.1.10}{\376\377\0004\000.\0001\0000\000.\0001\000.\0001\0000\000\040\000s\000e\000a\000r\000c\000h\000i\000t\000e\000r\000\050\000\051}{subsection.4.10.1}% 110
\BOOKMARK [3][-]{subsubsection.4.10.1.11}{\376\377\0004\000.\0001\0000\000.\0001\000.\0001\0001\000\040\000t\000m\000t\000o\000w\000e\000e\000k\000\050\000\051}{subsection.4.10.1}% 111
\BOOKMARK [1][-]{section.4.11}{\376\377\0004\000.\0001\0001\000\040\000/\000h\000o\000m\000e\000/\000d\000a\000n\000i\000/\000D\000o\000c\000u\000m\000e\000n\000t\000s\000/\000e\000g\000y\000e\000t\000e\000m\000/\000p\000r\000o\000g\0001\000/\000n\000a\000g\000y\000h\000a\000z\000i\000/\000h\000a\000z\000i\0002\000/\000c\000a\000l\000e\000n\000d\000a\000r\0002\000/\000c\000a\000l\000e\000n\000d\000a\000r\000/\000s\000e\000a\000r\000c\000h\000.\000h\000\040\000F\000i\000l\000e\000\040\000R\000e\000f\000e\000r\000e\000n\000c\000e}{chapter.4}% 112
\BOOKMARK [2][-]{subsection.4.11.1}{\376\377\0004\000.\0001\0001\000.\0001\000\040\000T\000y\000p\000e\000d\000e\000f\000\040\000D\000o\000c\000u\000m\000e\000n\000t\000a\000t\000i\000o\000n}{section.4.11}% 113
\BOOKMARK [3][-]{subsubsection.4.11.1.1}{\376\377\0004\000.\0001\0001\000.\0001\000.\0001\000\040\000I\000t\000e\000r\000M\000o\000d\000e}{subsection.4.11.1}% 114
\BOOKMARK [3][-]{subsubsection.4.11.1.2}{\376\377\0004\000.\0001\0001\000.\0001\000.\0002\000\040\000S\000e\000a\000r\000c\000h\000B\000y}{subsection.4.11.1}% 115
\BOOKMARK [2][-]{subsection.4.11.2}{\376\377\0004\000.\0001\0001\000.\0002\000\040\000E\000n\000u\000m\000e\000r\000a\000t\000i\000o\000n\000\040\000T\000y\000p\000e\000\040\000D\000o\000c\000u\000m\000e\000n\000t\000a\000t\000i\000o\000n}{section.4.11}% 116
\BOOKMARK [3][-]{subsubsection.4.11.2.1}{\376\377\0004\000.\0001\0001\000.\0002\000.\0001\000\040\000I\000t\000e\000r\000M\000o\000d\000e}{subsection.4.11.2}% 117
\BOOKMARK [3][-]{subsubsection.4.11.2.2}{\376\377\0004\000.\0001\0001\000.\0002\000.\0002\000\040\000S\000e\000a\000r\000c\000h\000B\000y}{subsection.4.11.2}% 118
\BOOKMARK [2][-]{subsection.4.11.3}{\376\377\0004\000.\0001\0001\000.\0003\000\040\000F\000u\000n\000c\000t\000i\000o\000n\000\040\000D\000o\000c\000u\000m\000e\000n\000t\000a\000t\000i\000o\000n}{section.4.11}% 119
\BOOKMARK [3][-]{subsubsection.4.11.3.1}{\376\377\0004\000.\0001\0001\000.\0003\000.\0001\000\040\000e\000v\000e\000n\000t\000t\000o\000t\000m\000\050\000\051}{subsection.4.11.3}% 120
\BOOKMARK [3][-]{subsubsection.4.11.3.2}{\376\377\0004\000.\0001\0001\000.\0003\000.\0002\000\040\000i\000n\000s\000e\000r\000t\000t\000o\000f\000i\000n\000d\000l\000i\000s\000t\000\050\000\051}{subsection.4.11.3}% 121
\BOOKMARK [3][-]{subsubsection.4.11.3.3}{\376\377\0004\000.\0001\0001\000.\0003\000.\0003\000\040\000i\000s\000t\000r\000u\000e\000e\000v\000e\000n\000t\000\050\000\051}{subsection.4.11.3}% 122
\BOOKMARK [3][-]{subsubsection.4.11.3.4}{\376\377\0004\000.\0001\0001\000.\0003\000.\0004\000\040\000p\000r\000i\000n\000t\000s\000e\000a\000r\000c\000h\000m\000e\000n\000u\000\050\000\051}{subsection.4.11.3}% 123
\BOOKMARK [3][-]{subsubsection.4.11.3.5}{\376\377\0004\000.\0001\0001\000.\0003\000.\0005\000\040\000p\000u\000t\000t\000o\000f\000i\000n\000d\000l\000i\000s\000t\000\050\000\051}{subsection.4.11.3}% 124
\BOOKMARK [3][-]{subsubsection.4.11.3.6}{\376\377\0004\000.\0001\0001\000.\0003\000.\0006\000\040\000s\000c\000a\000n\000s\000e\000a\000r\000c\000h\000m\000e\000n\000u\000c\000o\000m\000m\000a\000n\000d\000\050\000\051}{subsection.4.11.3}% 125
\BOOKMARK [3][-]{subsubsection.4.11.3.7}{\376\377\0004\000.\0001\0001\000.\0003\000.\0007\000\040\000s\000e\000a\000r\000c\000h\000b\000y\000d\000a\000y\000\050\000\051}{subsection.4.11.3}% 126
\BOOKMARK [3][-]{subsubsection.4.11.3.8}{\376\377\0004\000.\0001\0001\000.\0003\000.\0008\000\040\000s\000e\000a\000r\000c\000h\000b\000y\000m\000o\000n\000t\000h\000\050\000\051}{subsection.4.11.3}% 127
\BOOKMARK [3][-]{subsubsection.4.11.3.9}{\376\377\0004\000.\0001\0001\000.\0003\000.\0009\000\040\000s\000e\000a\000r\000c\000h\000b\000y\000n\000a\000m\000e\000\050\000\051}{subsection.4.11.3}% 128
\BOOKMARK [3][-]{subsubsection.4.11.3.10}{\376\377\0004\000.\0001\0001\000.\0003\000.\0001\0000\000\040\000s\000e\000a\000r\000c\000h\000b\000y\000w\000e\000e\000k\000\050\000\051}{subsection.4.11.3}% 129
\BOOKMARK [1][-]{section.4.12}{\376\377\0004\000.\0001\0002\000\040\000/\000h\000o\000m\000e\000/\000d\000a\000n\000i\000/\000D\000o\000c\000u\000m\000e\000n\000t\000s\000/\000e\000g\000y\000e\000t\000e\000m\000/\000p\000r\000o\000g\0001\000/\000n\000a\000g\000y\000h\000a\000z\000i\000/\000h\000a\000z\000i\0002\000/\000c\000a\000l\000e\000n\000d\000a\000r\0002\000/\000c\000a\000l\000e\000n\000d\000a\000r\000/\000s\000t\000r\000u\000c\000t\000u\000r\000e\000s\000.\000h\000\040\000F\000i\000l\000e\000\040\000R\000e\000f\000e\000r\000e\000n\000c\000e}{chapter.4}% 130
\BOOKMARK [2][-]{subsection.4.12.1}{\376\377\0004\000.\0001\0002\000.\0001\000\040\000T\000y\000p\000e\000d\000e\000f\000\040\000D\000o\000c\000u\000m\000e\000n\000t\000a\000t\000i\000o\000n}{section.4.12}% 131
\BOOKMARK [3][-]{subsubsection.4.12.1.1}{\376\377\0004\000.\0001\0002\000.\0001\000.\0001\000\040\000E\000v\000e\000n\000t}{subsection.4.12.1}% 132
\BOOKMARK [3][-]{subsubsection.4.12.1.2}{\376\377\0004\000.\0001\0002\000.\0001\000.\0002\000\040\000E\000v\000e\000n\000t\000L\000i\000s\000t}{subsection.4.12.1}% 133
\BOOKMARK [3][-]{subsubsection.4.12.1.3}{\376\377\0004\000.\0001\0002\000.\0001\000.\0003\000\040\000F\000i\000n\000d\000L\000i\000s\000t}{subsection.4.12.1}% 134
\BOOKMARK [3][-]{subsubsection.4.12.1.4}{\376\377\0004\000.\0001\0002\000.\0001\000.\0004\000\040\000F\000o\000u\000n\000d\000E\000v\000e\000n\000t}{subsection.4.12.1}% 135
\BOOKMARK [3][-]{subsubsection.4.12.1.5}{\376\377\0004\000.\0001\0002\000.\0001\000.\0005\000\040\000M\000e\000n\000u\000F\000v}{subsection.4.12.1}% 136
\BOOKMARK [3][-]{subsubsection.4.12.1.6}{\376\377\0004\000.\0001\0002\000.\0001\000.\0006\000\040\000S\000e\000a\000r\000c\000h\000C\000o\000n\000d\000i\000t\000i\000o\000n\000s}{subsection.4.12.1}% 137
\BOOKMARK [3][-]{subsubsection.4.12.1.7}{\376\377\0004\000.\0001\0002\000.\0001\000.\0007\000\040\000T\000m}{subsection.4.12.1}% 138
\BOOKMARK [0][-]{section*.118}{\376\377\000I\000n\000d\000e\000x}{}% 139
